
 ==============================================================================
 This is ALGENCAN 2.3.7.
 ALGENCAN, an augmented Lagrangian method for nonlinear programming, is part of
 the TANGO Project: Trustable Algorithms for Nonlinear General Optimization.
 See http://www.ime.usp.br/~egbirgin/tango/ for details.
 ==============================================================================

 The optional specification file algencan.dat was not found in the current
 directory (this is not a problem nor an error). The default values for the
 ALGENCAN parameters will be used.

 ALGENCAN PARAMETERS:
 firstde  =                    T
 hptype   =               HAPPRO
 innslvr  =                   TN
 sclsys   =                    F
 skipacc  =                    T
 lsssub   =                 NONE
 sclsub   =                 NONE
 rmfixv   =                    T
 slacks   =                    F
 scale    =                    T
 epsfeas  =           1.0000D-08
 epsopt   =           1.0000D-08
 iprint   =                   10
 ncomp    =                    6

 Number of variables               :     250
 Number of equality constraints    :       1
 Number of inequality constraints  :       0
 Number of bound constraints       :     500

 Number of removed fixed variables :       0

 Objective function scale factor   : 1.0D+00
 Smallest constraints scale factor : 1.0D+00

 Entry to ALGENCAN.
 Number of variables  :     250
 Number of constraints:       1

out penalt  objective infeas  scaled    scaled infeas norm   |Grad| inner Newton
ite         function  ibilty  obj-funct infeas +compl graLag infeas totit forKKT
  0        -0.000D+00 0.D+00 -0.000D+00 0.D+00 0.D+00 1.D+00 0.D+00    0   0   0
  1 1.D+01 -3.479D+04 4.D+01 -3.479D+04 4.D+01 4.D+01 1.D+02 4.D+01   10C  0   0
  2 4.D+02 -1.979D+05 1.D+00 -1.979D+05 1.D+00 1.D+00 2.D-03 1.D+00  442P  0   0
  3 4.D+02 -1.979D+05 5.D-08 -1.979D+05 5.D-08 5.D-08 5.D-08 5.D-08  562C  0   0
  4 4.D+02 -1.979D+05 6.D-09 -1.979D+05 6.D-09 6.D-09 6.D-09 6.D-09  564C  0   0

 Flag of ALGENCAN: Solution was found.

FINAL POINT:

  INDEX                X(INDEX)
      1  0.0000000000000000D+00
      2  1.0000000000000000D+02
      3  0.0000000000000000D+00
      4  0.0000000000000000D+00
      5  0.0000000000000000D+00
      6  1.0000000000000000D+02
      7  1.0000000000000000D+02
      8  0.0000000000000000D+00
      9  0.0000000000000000D+00
     10  0.0000000000000000D+00
     11  0.0000000000000000D+00
     12  1.0000000000000000D+02
     13  0.0000000000000000D+00
     14  0.0000000000000000D+00
     15  0.0000000000000000D+00
     16  1.0000000000000000D+02
     17  0.0000000000000000D+00
     18  1.0000000000000000D+02
     19  0.0000000000000000D+00
     20  0.0000000000000000D+00
     21  1.0000000000000000D+02
     22  0.0000000000000000D+00
     23  0.0000000000000000D+00
     24  0.0000000000000000D+00
     25  0.0000000000000000D+00
     26  0.0000000000000000D+00
     27  0.0000000000000000D+00
     28  1.0000000000000000D+02
     29  0.0000000000000000D+00
     30  1.0000000000000000D+02
     31  0.0000000000000000D+00
     32  0.0000000000000000D+00
     33  0.0000000000000000D+00
     34  0.0000000000000000D+00
     35  0.0000000000000000D+00
     36  0.0000000000000000D+00
     37  0.0000000000000000D+00
     38  1.0000000000000000D+02
     39  0.0000000000000000D+00
     40  0.0000000000000000D+00
     41  0.0000000000000000D+00
     42  0.0000000000000000D+00
     43  0.0000000000000000D+00
     44  0.0000000000000000D+00
     45  0.0000000000000000D+00
     46  1.0000000000000000D+02
     47  0.0000000000000000D+00
     48  0.0000000000000000D+00
     49  1.0000000000000000D+02
     50  1.0000000000000000D+02
     51  0.0000000000000000D+00
     52  0.0000000000000000D+00
     53  0.0000000000000000D+00
     54  0.0000000000000000D+00
     55  0.0000000000000000D+00
     56  0.0000000000000000D+00
     57  0.0000000000000000D+00
     58  0.0000000000000000D+00
     59  0.0000000000000000D+00
     60  1.0000000000000000D+02
     61  1.0000000000000000D+02
     62  0.0000000000000000D+00
     63  1.0000000000000000D+02
     64  0.0000000000000000D+00
     65  0.0000000000000000D+00
     66  0.0000000000000000D+00
     67  0.0000000000000000D+00
     68  0.0000000000000000D+00
     69  0.0000000000000000D+00
     70  0.0000000000000000D+00
     71  1.0000000000000000D+02
     72  1.0000000000000000D+02
     73  1.0000000000000000D+02
     74  0.0000000000000000D+00
     75  0.0000000000000000D+00
     76  0.0000000000000000D+00
     77  0.0000000000000000D+00
     78  1.0000000000000000D+02
     79  1.0000000000000000D+02
     80  0.0000000000000000D+00
     81  0.0000000000000000D+00
     82  0.0000000000000000D+00
     83  1.0000000000000000D+02
     84  1.0000000000000000D+02
     85  0.0000000000000000D+00
     86  0.0000000000000000D+00
     87  0.0000000000000000D+00
     88  0.0000000000000000D+00
     89  0.0000000000000000D+00
     90  0.0000000000000000D+00
     91  0.0000000000000000D+00
     92  1.0000000000000000D+02
     93  0.0000000000000000D+00
     94  1.0000000000000000D+02
     95  0.0000000000000000D+00
     96  1.0000000000000000D+02
     97  1.0000000000000000D+02
     98  1.0000000000000000D+02
     99  0.0000000000000000D+00
    100  0.0000000000000000D+00
    101  0.0000000000000000D+00
    102  0.0000000000000000D+00
    103  0.0000000000000000D+00
    104  0.0000000000000000D+00
    105  1.0000000000000000D+02
    106  1.0000000000000000D+02
    107  5.5947671841486974D-09
    108  0.0000000000000000D+00
    109  0.0000000000000000D+00
    110  1.0000000000000000D+02
    111  0.0000000000000000D+00
    112  0.0000000000000000D+00
    113  1.0000000000000000D+02
    114  1.0000000000000000D+02
    115  0.0000000000000000D+00
    116  0.0000000000000000D+00
    117  0.0000000000000000D+00
    118  1.0000000000000000D+02
    119  1.0000000000000000D+02
    120  0.0000000000000000D+00
    121  0.0000000000000000D+00
    122  0.0000000000000000D+00
    123  0.0000000000000000D+00
    124  0.0000000000000000D+00
    125  1.0000000000000000D+02
    126  0.0000000000000000D+00
    127  0.0000000000000000D+00
    128  0.0000000000000000D+00
    129  1.0000000000000000D+02
    130  0.0000000000000000D+00
    131  0.0000000000000000D+00
    132  1.0000000000000000D+02
    133  0.0000000000000000D+00
    134  1.0000000000000000D+02
    135  0.0000000000000000D+00
    136  0.0000000000000000D+00
    137  1.0000000000000000D+02
    138  1.0000000000000000D+02
    139  1.0000000000000000D+02
    140  0.0000000000000000D+00
    141  0.0000000000000000D+00
    142  1.0000000000000000D+02
    143  1.0000000000000000D+02
    144  0.0000000000000000D+00
    145  0.0000000000000000D+00
    146  1.0000000000000000D+02
    147  0.0000000000000000D+00
    148  0.0000000000000000D+00
    149  0.0000000000000000D+00
    150  1.0000000000000000D+02
    151  0.0000000000000000D+00
    152  1.0000000000000000D+02
    153  0.0000000000000000D+00
    154  0.0000000000000000D+00
    155  0.0000000000000000D+00
    156  0.0000000000000000D+00
    157  0.0000000000000000D+00
    158  0.0000000000000000D+00
    159  0.0000000000000000D+00
    160  0.0000000000000000D+00
    161  0.0000000000000000D+00
    162  1.0000000000000000D+02
    163  0.0000000000000000D+00
    164  0.0000000000000000D+00
    165  0.0000000000000000D+00
    166  0.0000000000000000D+00
    167  0.0000000000000000D+00
    168  0.0000000000000000D+00
    169  0.0000000000000000D+00
    170  0.0000000000000000D+00
    171  0.0000000000000000D+00
    172  1.0000000000000000D+02
    173  1.0000000000000000D+02
    174  1.0000000000000000D+02
    175  0.0000000000000000D+00
    176  0.0000000000000000D+00
    177  0.0000000000000000D+00
    178  0.0000000000000000D+00
    179  0.0000000000000000D+00
    180  0.0000000000000000D+00
    181  0.0000000000000000D+00
    182  0.0000000000000000D+00
    183  1.0000000000000000D+02
    184  0.0000000000000000D+00
    185  1.0000000000000000D+02
    186  1.0000000000000000D+02
    187  0.0000000000000000D+00
    188  0.0000000000000000D+00
    189  1.0000000000000000D+02
    190  1.0000000000000000D+02
    191  0.0000000000000000D+00
    192  0.0000000000000000D+00
    193  1.0000000000000000D+02
    194  0.0000000000000000D+00
    195  0.0000000000000000D+00
    196  0.0000000000000000D+00
    197  0.0000000000000000D+00
    198  0.0000000000000000D+00
    199  0.0000000000000000D+00
    200  1.0000000000000000D+02
    201  1.0000000000000000D+02
    202  0.0000000000000000D+00
    203  1.0000000000000000D+02
    204  1.0000000000000000D+02
    205  0.0000000000000000D+00
    206  0.0000000000000000D+00
    207  0.0000000000000000D+00
    208  1.0000000000000000D+02
    209  0.0000000000000000D+00
    210  0.0000000000000000D+00
    211  0.0000000000000000D+00
    212  0.0000000000000000D+00
    213  0.0000000000000000D+00
    214  1.0000000000000000D+02
    215  0.0000000000000000D+00
    216  0.0000000000000000D+00
    217  0.0000000000000000D+00
    218  1.0000000000000000D+02
    219  0.0000000000000000D+00
    220  0.0000000000000000D+00
    221  1.0000000000000000D+02
    222  0.0000000000000000D+00
    223  0.0000000000000000D+00
    224  1.0000000000000000D+02
    225  1.0000000000000000D+02
    226  0.0000000000000000D+00
    227  0.0000000000000000D+00
    228  0.0000000000000000D+00
    229  0.0000000000000000D+00
    230  0.0000000000000000D+00
    231  0.0000000000000000D+00
    232  0.0000000000000000D+00
    233  0.0000000000000000D+00
    234  0.0000000000000000D+00
    235  0.0000000000000000D+00
    236  0.0000000000000000D+00
    237  0.0000000000000000D+00
    238  0.0000000000000000D+00
    239  0.0000000000000000D+00
    240  0.0000000000000000D+00
    241  1.0000000000000000D+02
    242  0.0000000000000000D+00
    243  1.0000000000000000D+02
    244  1.0000000000000000D+02
    245  0.0000000000000000D+00
    246  0.0000000000000000D+00
    247  0.0000000000000000D+00
    248  1.0000000000000000D+02
    249  1.0000000000000000D+02
    250  0.0000000000000000D+00

FINAL ESTIMATION OF THE LAGRANGE MULTIPLIERS: 

  INDEX           LAMBDA(INDEX)
      1 -7.3888618980892344D+00

 Total CPU time in seconds:  2320.09

 User-provided subroutines calls counters: 

 Subroutine evalf    (coded=F):      0
 Subroutine evalg    (coded=F):      0
 Subroutine evalh    (coded=F):      0
 Subroutine evalc    (coded=F):      0 (     0 calls per constraint in average)
 Subroutine evaljac  (coded=F):      0 (     0 calls per constraint in average)
 Subroutine evalhc   (coded=F):      0 (     0 calls per constraint in average)
 Subroutine evalfc   (coded=T):   1319
 Subroutine evalgjac (coded=T):    594
 Subroutine evalhl   (coded=F):      0
 Subroutine evalhlp  (coded=F):      0

