# This file contains information about inputs as read by the program

 Population size = 100
 Number of generations = 150
 Number of objective functions = 1
 Number of constraints = 1
 Number of variables = 250
 Number of real variables = 250
 Lower limit of real variable 1 = 0.000000e+000
 Upper limit of real variable 1 = 1.000000e+002
 Lower limit of real variable 2 = 0.000000e+000
 Upper limit of real variable 2 = 1.000000e+002
 Lower limit of real variable 3 = 0.000000e+000
 Upper limit of real variable 3 = 1.000000e+002
 Lower limit of real variable 4 = 0.000000e+000
 Upper limit of real variable 4 = 1.000000e+002
 Lower limit of real variable 5 = 0.000000e+000
 Upper limit of real variable 5 = 1.000000e+002
 Lower limit of real variable 6 = 0.000000e+000
 Upper limit of real variable 6 = 1.000000e+002
 Lower limit of real variable 7 = 0.000000e+000
 Upper limit of real variable 7 = 1.000000e+002
 Lower limit of real variable 8 = 0.000000e+000
 Upper limit of real variable 8 = 1.000000e+002
 Lower limit of real variable 9 = 0.000000e+000
 Upper limit of real variable 9 = 1.000000e+002
 Lower limit of real variable 10 = 0.000000e+000
 Upper limit of real variable 10 = 1.000000e+002
 Lower limit of real variable 11 = 0.000000e+000
 Upper limit of real variable 11 = 1.000000e+002
 Lower limit of real variable 12 = 0.000000e+000
 Upper limit of real variable 12 = 1.000000e+002
 Lower limit of real variable 13 = 0.000000e+000
 Upper limit of real variable 13 = 1.000000e+002
 Lower limit of real variable 14 = 0.000000e+000
 Upper limit of real variable 14 = 1.000000e+002
 Lower limit of real variable 15 = 0.000000e+000
 Upper limit of real variable 15 = 1.000000e+002
 Lower limit of real variable 16 = 0.000000e+000
 Upper limit of real variable 16 = 1.000000e+002
 Lower limit of real variable 17 = 0.000000e+000
 Upper limit of real variable 17 = 1.000000e+002
 Lower limit of real variable 18 = 0.000000e+000
 Upper limit of real variable 18 = 1.000000e+002
 Lower limit of real variable 19 = 0.000000e+000
 Upper limit of real variable 19 = 1.000000e+002
 Lower limit of real variable 20 = 0.000000e+000
 Upper limit of real variable 20 = 1.000000e+002
 Lower limit of real variable 21 = 0.000000e+000
 Upper limit of real variable 21 = 1.000000e+002
 Lower limit of real variable 22 = 0.000000e+000
 Upper limit of real variable 22 = 1.000000e+002
 Lower limit of real variable 23 = 0.000000e+000
 Upper limit of real variable 23 = 1.000000e+002
 Lower limit of real variable 24 = 0.000000e+000
 Upper limit of real variable 24 = 1.000000e+002
 Lower limit of real variable 25 = 0.000000e+000
 Upper limit of real variable 25 = 1.000000e+002
 Lower limit of real variable 26 = 0.000000e+000
 Upper limit of real variable 26 = 1.000000e+002
 Lower limit of real variable 27 = 0.000000e+000
 Upper limit of real variable 27 = 1.000000e+002
 Lower limit of real variable 28 = 0.000000e+000
 Upper limit of real variable 28 = 1.000000e+002
 Lower limit of real variable 29 = 0.000000e+000
 Upper limit of real variable 29 = 1.000000e+002
 Lower limit of real variable 30 = 0.000000e+000
 Upper limit of real variable 30 = 1.000000e+002
 Lower limit of real variable 31 = 0.000000e+000
 Upper limit of real variable 31 = 1.000000e+002
 Lower limit of real variable 32 = 0.000000e+000
 Upper limit of real variable 32 = 1.000000e+002
 Lower limit of real variable 33 = 0.000000e+000
 Upper limit of real variable 33 = 1.000000e+002
 Lower limit of real variable 34 = 0.000000e+000
 Upper limit of real variable 34 = 1.000000e+002
 Lower limit of real variable 35 = 0.000000e+000
 Upper limit of real variable 35 = 1.000000e+002
 Lower limit of real variable 36 = 0.000000e+000
 Upper limit of real variable 36 = 1.000000e+002
 Lower limit of real variable 37 = 0.000000e+000
 Upper limit of real variable 37 = 1.000000e+002
 Lower limit of real variable 38 = 0.000000e+000
 Upper limit of real variable 38 = 1.000000e+002
 Lower limit of real variable 39 = 0.000000e+000
 Upper limit of real variable 39 = 1.000000e+002
 Lower limit of real variable 40 = 0.000000e+000
 Upper limit of real variable 40 = 1.000000e+002
 Lower limit of real variable 41 = 0.000000e+000
 Upper limit of real variable 41 = 1.000000e+002
 Lower limit of real variable 42 = 0.000000e+000
 Upper limit of real variable 42 = 1.000000e+002
 Lower limit of real variable 43 = 0.000000e+000
 Upper limit of real variable 43 = 1.000000e+002
 Lower limit of real variable 44 = 0.000000e+000
 Upper limit of real variable 44 = 1.000000e+002
 Lower limit of real variable 45 = 0.000000e+000
 Upper limit of real variable 45 = 1.000000e+002
 Lower limit of real variable 46 = 0.000000e+000
 Upper limit of real variable 46 = 1.000000e+002
 Lower limit of real variable 47 = 0.000000e+000
 Upper limit of real variable 47 = 1.000000e+002
 Lower limit of real variable 48 = 0.000000e+000
 Upper limit of real variable 48 = 1.000000e+002
 Lower limit of real variable 49 = 0.000000e+000
 Upper limit of real variable 49 = 1.000000e+002
 Lower limit of real variable 50 = 0.000000e+000
 Upper limit of real variable 50 = 1.000000e+002
 Lower limit of real variable 51 = 0.000000e+000
 Upper limit of real variable 51 = 1.000000e+002
 Lower limit of real variable 52 = 0.000000e+000
 Upper limit of real variable 52 = 1.000000e+002
 Lower limit of real variable 53 = 0.000000e+000
 Upper limit of real variable 53 = 1.000000e+002
 Lower limit of real variable 54 = 0.000000e+000
 Upper limit of real variable 54 = 1.000000e+002
 Lower limit of real variable 55 = 0.000000e+000
 Upper limit of real variable 55 = 1.000000e+002
 Lower limit of real variable 56 = 0.000000e+000
 Upper limit of real variable 56 = 1.000000e+002
 Lower limit of real variable 57 = 0.000000e+000
 Upper limit of real variable 57 = 1.000000e+002
 Lower limit of real variable 58 = 0.000000e+000
 Upper limit of real variable 58 = 1.000000e+002
 Lower limit of real variable 59 = 0.000000e+000
 Upper limit of real variable 59 = 1.000000e+002
 Lower limit of real variable 60 = 0.000000e+000
 Upper limit of real variable 60 = 1.000000e+002
 Lower limit of real variable 61 = 0.000000e+000
 Upper limit of real variable 61 = 1.000000e+002
 Lower limit of real variable 62 = 0.000000e+000
 Upper limit of real variable 62 = 1.000000e+002
 Lower limit of real variable 63 = 0.000000e+000
 Upper limit of real variable 63 = 1.000000e+002
 Lower limit of real variable 64 = 0.000000e+000
 Upper limit of real variable 64 = 1.000000e+002
 Lower limit of real variable 65 = 0.000000e+000
 Upper limit of real variable 65 = 1.000000e+002
 Lower limit of real variable 66 = 0.000000e+000
 Upper limit of real variable 66 = 1.000000e+002
 Lower limit of real variable 67 = 0.000000e+000
 Upper limit of real variable 67 = 1.000000e+002
 Lower limit of real variable 68 = 0.000000e+000
 Upper limit of real variable 68 = 1.000000e+002
 Lower limit of real variable 69 = 0.000000e+000
 Upper limit of real variable 69 = 1.000000e+002
 Lower limit of real variable 70 = 0.000000e+000
 Upper limit of real variable 70 = 1.000000e+002
 Lower limit of real variable 71 = 0.000000e+000
 Upper limit of real variable 71 = 1.000000e+002
 Lower limit of real variable 72 = 0.000000e+000
 Upper limit of real variable 72 = 1.000000e+002
 Lower limit of real variable 73 = 0.000000e+000
 Upper limit of real variable 73 = 1.000000e+002
 Lower limit of real variable 74 = 0.000000e+000
 Upper limit of real variable 74 = 1.000000e+002
 Lower limit of real variable 75 = 0.000000e+000
 Upper limit of real variable 75 = 1.000000e+002
 Lower limit of real variable 76 = 0.000000e+000
 Upper limit of real variable 76 = 1.000000e+002
 Lower limit of real variable 77 = 0.000000e+000
 Upper limit of real variable 77 = 1.000000e+002
 Lower limit of real variable 78 = 0.000000e+000
 Upper limit of real variable 78 = 1.000000e+002
 Lower limit of real variable 79 = 0.000000e+000
 Upper limit of real variable 79 = 1.000000e+002
 Lower limit of real variable 80 = 0.000000e+000
 Upper limit of real variable 80 = 1.000000e+002
 Lower limit of real variable 81 = 0.000000e+000
 Upper limit of real variable 81 = 1.000000e+002
 Lower limit of real variable 82 = 0.000000e+000
 Upper limit of real variable 82 = 1.000000e+002
 Lower limit of real variable 83 = 0.000000e+000
 Upper limit of real variable 83 = 1.000000e+002
 Lower limit of real variable 84 = 0.000000e+000
 Upper limit of real variable 84 = 1.000000e+002
 Lower limit of real variable 85 = 0.000000e+000
 Upper limit of real variable 85 = 1.000000e+002
 Lower limit of real variable 86 = 0.000000e+000
 Upper limit of real variable 86 = 1.000000e+002
 Lower limit of real variable 87 = 0.000000e+000
 Upper limit of real variable 87 = 1.000000e+002
 Lower limit of real variable 88 = 0.000000e+000
 Upper limit of real variable 88 = 1.000000e+002
 Lower limit of real variable 89 = 0.000000e+000
 Upper limit of real variable 89 = 1.000000e+002
 Lower limit of real variable 90 = 0.000000e+000
 Upper limit of real variable 90 = 1.000000e+002
 Lower limit of real variable 91 = 0.000000e+000
 Upper limit of real variable 91 = 1.000000e+002
 Lower limit of real variable 92 = 0.000000e+000
 Upper limit of real variable 92 = 1.000000e+002
 Lower limit of real variable 93 = 0.000000e+000
 Upper limit of real variable 93 = 1.000000e+002
 Lower limit of real variable 94 = 0.000000e+000
 Upper limit of real variable 94 = 1.000000e+002
 Lower limit of real variable 95 = 0.000000e+000
 Upper limit of real variable 95 = 1.000000e+002
 Lower limit of real variable 96 = 0.000000e+000
 Upper limit of real variable 96 = 1.000000e+002
 Lower limit of real variable 97 = 0.000000e+000
 Upper limit of real variable 97 = 1.000000e+002
 Lower limit of real variable 98 = 0.000000e+000
 Upper limit of real variable 98 = 1.000000e+002
 Lower limit of real variable 99 = 0.000000e+000
 Upper limit of real variable 99 = 1.000000e+002
 Lower limit of real variable 100 = 0.000000e+000
 Upper limit of real variable 100 = 1.000000e+002
 Lower limit of real variable 101 = 0.000000e+000
 Upper limit of real variable 101 = 1.000000e+002
 Lower limit of real variable 102 = 0.000000e+000
 Upper limit of real variable 102 = 1.000000e+002
 Lower limit of real variable 103 = 0.000000e+000
 Upper limit of real variable 103 = 1.000000e+002
 Lower limit of real variable 104 = 0.000000e+000
 Upper limit of real variable 104 = 1.000000e+002
 Lower limit of real variable 105 = 0.000000e+000
 Upper limit of real variable 105 = 1.000000e+002
 Lower limit of real variable 106 = 0.000000e+000
 Upper limit of real variable 106 = 1.000000e+002
 Lower limit of real variable 107 = 0.000000e+000
 Upper limit of real variable 107 = 1.000000e+002
 Lower limit of real variable 108 = 0.000000e+000
 Upper limit of real variable 108 = 1.000000e+002
 Lower limit of real variable 109 = 0.000000e+000
 Upper limit of real variable 109 = 1.000000e+002
 Lower limit of real variable 110 = 0.000000e+000
 Upper limit of real variable 110 = 1.000000e+002
 Lower limit of real variable 111 = 0.000000e+000
 Upper limit of real variable 111 = 1.000000e+002
 Lower limit of real variable 112 = 0.000000e+000
 Upper limit of real variable 112 = 1.000000e+002
 Lower limit of real variable 113 = 0.000000e+000
 Upper limit of real variable 113 = 1.000000e+002
 Lower limit of real variable 114 = 0.000000e+000
 Upper limit of real variable 114 = 1.000000e+002
 Lower limit of real variable 115 = 0.000000e+000
 Upper limit of real variable 115 = 1.000000e+002
 Lower limit of real variable 116 = 0.000000e+000
 Upper limit of real variable 116 = 1.000000e+002
 Lower limit of real variable 117 = 0.000000e+000
 Upper limit of real variable 117 = 1.000000e+002
 Lower limit of real variable 118 = 0.000000e+000
 Upper limit of real variable 118 = 1.000000e+002
 Lower limit of real variable 119 = 0.000000e+000
 Upper limit of real variable 119 = 1.000000e+002
 Lower limit of real variable 120 = 0.000000e+000
 Upper limit of real variable 120 = 1.000000e+002
 Lower limit of real variable 121 = 0.000000e+000
 Upper limit of real variable 121 = 1.000000e+002
 Lower limit of real variable 122 = 0.000000e+000
 Upper limit of real variable 122 = 1.000000e+002
 Lower limit of real variable 123 = 0.000000e+000
 Upper limit of real variable 123 = 1.000000e+002
 Lower limit of real variable 124 = 0.000000e+000
 Upper limit of real variable 124 = 1.000000e+002
 Lower limit of real variable 125 = 0.000000e+000
 Upper limit of real variable 125 = 1.000000e+002
 Lower limit of real variable 126 = 0.000000e+000
 Upper limit of real variable 126 = 1.000000e+002
 Lower limit of real variable 127 = 0.000000e+000
 Upper limit of real variable 127 = 1.000000e+002
 Lower limit of real variable 128 = 0.000000e+000
 Upper limit of real variable 128 = 1.000000e+002
 Lower limit of real variable 129 = 0.000000e+000
 Upper limit of real variable 129 = 1.000000e+002
 Lower limit of real variable 130 = 0.000000e+000
 Upper limit of real variable 130 = 1.000000e+002
 Lower limit of real variable 131 = 0.000000e+000
 Upper limit of real variable 131 = 1.000000e+002
 Lower limit of real variable 132 = 0.000000e+000
 Upper limit of real variable 132 = 1.000000e+002
 Lower limit of real variable 133 = 0.000000e+000
 Upper limit of real variable 133 = 1.000000e+002
 Lower limit of real variable 134 = 0.000000e+000
 Upper limit of real variable 134 = 1.000000e+002
 Lower limit of real variable 135 = 0.000000e+000
 Upper limit of real variable 135 = 1.000000e+002
 Lower limit of real variable 136 = 0.000000e+000
 Upper limit of real variable 136 = 1.000000e+002
 Lower limit of real variable 137 = 0.000000e+000
 Upper limit of real variable 137 = 1.000000e+002
 Lower limit of real variable 138 = 0.000000e+000
 Upper limit of real variable 138 = 1.000000e+002
 Lower limit of real variable 139 = 0.000000e+000
 Upper limit of real variable 139 = 1.000000e+002
 Lower limit of real variable 140 = 0.000000e+000
 Upper limit of real variable 140 = 1.000000e+002
 Lower limit of real variable 141 = 0.000000e+000
 Upper limit of real variable 141 = 1.000000e+002
 Lower limit of real variable 142 = 0.000000e+000
 Upper limit of real variable 142 = 1.000000e+002
 Lower limit of real variable 143 = 0.000000e+000
 Upper limit of real variable 143 = 1.000000e+002
 Lower limit of real variable 144 = 0.000000e+000
 Upper limit of real variable 144 = 1.000000e+002
 Lower limit of real variable 145 = 0.000000e+000
 Upper limit of real variable 145 = 1.000000e+002
 Lower limit of real variable 146 = 0.000000e+000
 Upper limit of real variable 146 = 1.000000e+002
 Lower limit of real variable 147 = 0.000000e+000
 Upper limit of real variable 147 = 1.000000e+002
 Lower limit of real variable 148 = 0.000000e+000
 Upper limit of real variable 148 = 1.000000e+002
 Lower limit of real variable 149 = 0.000000e+000
 Upper limit of real variable 149 = 1.000000e+002
 Lower limit of real variable 150 = 0.000000e+000
 Upper limit of real variable 150 = 1.000000e+002
 Lower limit of real variable 151 = 0.000000e+000
 Upper limit of real variable 151 = 1.000000e+002
 Lower limit of real variable 152 = 0.000000e+000
 Upper limit of real variable 152 = 1.000000e+002
 Lower limit of real variable 153 = 0.000000e+000
 Upper limit of real variable 153 = 1.000000e+002
 Lower limit of real variable 154 = 0.000000e+000
 Upper limit of real variable 154 = 1.000000e+002
 Lower limit of real variable 155 = 0.000000e+000
 Upper limit of real variable 155 = 1.000000e+002
 Lower limit of real variable 156 = 0.000000e+000
 Upper limit of real variable 156 = 1.000000e+002
 Lower limit of real variable 157 = 0.000000e+000
 Upper limit of real variable 157 = 1.000000e+002
 Lower limit of real variable 158 = 0.000000e+000
 Upper limit of real variable 158 = 1.000000e+002
 Lower limit of real variable 159 = 0.000000e+000
 Upper limit of real variable 159 = 1.000000e+002
 Lower limit of real variable 160 = 0.000000e+000
 Upper limit of real variable 160 = 1.000000e+002
 Lower limit of real variable 161 = 0.000000e+000
 Upper limit of real variable 161 = 1.000000e+002
 Lower limit of real variable 162 = 0.000000e+000
 Upper limit of real variable 162 = 1.000000e+002
 Lower limit of real variable 163 = 0.000000e+000
 Upper limit of real variable 163 = 1.000000e+002
 Lower limit of real variable 164 = 0.000000e+000
 Upper limit of real variable 164 = 1.000000e+002
 Lower limit of real variable 165 = 0.000000e+000
 Upper limit of real variable 165 = 1.000000e+002
 Lower limit of real variable 166 = 0.000000e+000
 Upper limit of real variable 166 = 1.000000e+002
 Lower limit of real variable 167 = 0.000000e+000
 Upper limit of real variable 167 = 1.000000e+002
 Lower limit of real variable 168 = 0.000000e+000
 Upper limit of real variable 168 = 1.000000e+002
 Lower limit of real variable 169 = 0.000000e+000
 Upper limit of real variable 169 = 1.000000e+002
 Lower limit of real variable 170 = 0.000000e+000
 Upper limit of real variable 170 = 1.000000e+002
 Lower limit of real variable 171 = 0.000000e+000
 Upper limit of real variable 171 = 1.000000e+002
 Lower limit of real variable 172 = 0.000000e+000
 Upper limit of real variable 172 = 1.000000e+002
 Lower limit of real variable 173 = 0.000000e+000
 Upper limit of real variable 173 = 1.000000e+002
 Lower limit of real variable 174 = 0.000000e+000
 Upper limit of real variable 174 = 1.000000e+002
 Lower limit of real variable 175 = 0.000000e+000
 Upper limit of real variable 175 = 1.000000e+002
 Lower limit of real variable 176 = 0.000000e+000
 Upper limit of real variable 176 = 1.000000e+002
 Lower limit of real variable 177 = 0.000000e+000
 Upper limit of real variable 177 = 1.000000e+002
 Lower limit of real variable 178 = 0.000000e+000
 Upper limit of real variable 178 = 1.000000e+002
 Lower limit of real variable 179 = 0.000000e+000
 Upper limit of real variable 179 = 1.000000e+002
 Lower limit of real variable 180 = 0.000000e+000
 Upper limit of real variable 180 = 1.000000e+002
 Lower limit of real variable 181 = 0.000000e+000
 Upper limit of real variable 181 = 1.000000e+002
 Lower limit of real variable 182 = 0.000000e+000
 Upper limit of real variable 182 = 1.000000e+002
 Lower limit of real variable 183 = 0.000000e+000
 Upper limit of real variable 183 = 1.000000e+002
 Lower limit of real variable 184 = 0.000000e+000
 Upper limit of real variable 184 = 1.000000e+002
 Lower limit of real variable 185 = 0.000000e+000
 Upper limit of real variable 185 = 1.000000e+002
 Lower limit of real variable 186 = 0.000000e+000
 Upper limit of real variable 186 = 1.000000e+002
 Lower limit of real variable 187 = 0.000000e+000
 Upper limit of real variable 187 = 1.000000e+002
 Lower limit of real variable 188 = 0.000000e+000
 Upper limit of real variable 188 = 1.000000e+002
 Lower limit of real variable 189 = 0.000000e+000
 Upper limit of real variable 189 = 1.000000e+002
 Lower limit of real variable 190 = 0.000000e+000
 Upper limit of real variable 190 = 1.000000e+002
 Lower limit of real variable 191 = 0.000000e+000
 Upper limit of real variable 191 = 1.000000e+002
 Lower limit of real variable 192 = 0.000000e+000
 Upper limit of real variable 192 = 1.000000e+002
 Lower limit of real variable 193 = 0.000000e+000
 Upper limit of real variable 193 = 1.000000e+002
 Lower limit of real variable 194 = 0.000000e+000
 Upper limit of real variable 194 = 1.000000e+002
 Lower limit of real variable 195 = 0.000000e+000
 Upper limit of real variable 195 = 1.000000e+002
 Lower limit of real variable 196 = 0.000000e+000
 Upper limit of real variable 196 = 1.000000e+002
 Lower limit of real variable 197 = 0.000000e+000
 Upper limit of real variable 197 = 1.000000e+002
 Lower limit of real variable 198 = 0.000000e+000
 Upper limit of real variable 198 = 1.000000e+002
 Lower limit of real variable 199 = 0.000000e+000
 Upper limit of real variable 199 = 1.000000e+002
 Lower limit of real variable 200 = 0.000000e+000
 Upper limit of real variable 200 = 1.000000e+002
 Lower limit of real variable 201 = 0.000000e+000
 Upper limit of real variable 201 = 1.000000e+002
 Lower limit of real variable 202 = 0.000000e+000
 Upper limit of real variable 202 = 1.000000e+002
 Lower limit of real variable 203 = 0.000000e+000
 Upper limit of real variable 203 = 1.000000e+002
 Lower limit of real variable 204 = 0.000000e+000
 Upper limit of real variable 204 = 1.000000e+002
 Lower limit of real variable 205 = 0.000000e+000
 Upper limit of real variable 205 = 1.000000e+002
 Lower limit of real variable 206 = 0.000000e+000
 Upper limit of real variable 206 = 1.000000e+002
 Lower limit of real variable 207 = 0.000000e+000
 Upper limit of real variable 207 = 1.000000e+002
 Lower limit of real variable 208 = 0.000000e+000
 Upper limit of real variable 208 = 1.000000e+002
 Lower limit of real variable 209 = 0.000000e+000
 Upper limit of real variable 209 = 1.000000e+002
 Lower limit of real variable 210 = 0.000000e+000
 Upper limit of real variable 210 = 1.000000e+002
 Lower limit of real variable 211 = 0.000000e+000
 Upper limit of real variable 211 = 1.000000e+002
 Lower limit of real variable 212 = 0.000000e+000
 Upper limit of real variable 212 = 1.000000e+002
 Lower limit of real variable 213 = 0.000000e+000
 Upper limit of real variable 213 = 1.000000e+002
 Lower limit of real variable 214 = 0.000000e+000
 Upper limit of real variable 214 = 1.000000e+002
 Lower limit of real variable 215 = 0.000000e+000
 Upper limit of real variable 215 = 1.000000e+002
 Lower limit of real variable 216 = 0.000000e+000
 Upper limit of real variable 216 = 1.000000e+002
 Lower limit of real variable 217 = 0.000000e+000
 Upper limit of real variable 217 = 1.000000e+002
 Lower limit of real variable 218 = 0.000000e+000
 Upper limit of real variable 218 = 1.000000e+002
 Lower limit of real variable 219 = 0.000000e+000
 Upper limit of real variable 219 = 1.000000e+002
 Lower limit of real variable 220 = 0.000000e+000
 Upper limit of real variable 220 = 1.000000e+002
 Lower limit of real variable 221 = 0.000000e+000
 Upper limit of real variable 221 = 1.000000e+002
 Lower limit of real variable 222 = 0.000000e+000
 Upper limit of real variable 222 = 1.000000e+002
 Lower limit of real variable 223 = 0.000000e+000
 Upper limit of real variable 223 = 1.000000e+002
 Lower limit of real variable 224 = 0.000000e+000
 Upper limit of real variable 224 = 1.000000e+002
 Lower limit of real variable 225 = 0.000000e+000
 Upper limit of real variable 225 = 1.000000e+002
 Lower limit of real variable 226 = 0.000000e+000
 Upper limit of real variable 226 = 1.000000e+002
 Lower limit of real variable 227 = 0.000000e+000
 Upper limit of real variable 227 = 1.000000e+002
 Lower limit of real variable 228 = 0.000000e+000
 Upper limit of real variable 228 = 1.000000e+002
 Lower limit of real variable 229 = 0.000000e+000
 Upper limit of real variable 229 = 1.000000e+002
 Lower limit of real variable 230 = 0.000000e+000
 Upper limit of real variable 230 = 1.000000e+002
 Lower limit of real variable 231 = 0.000000e+000
 Upper limit of real variable 231 = 1.000000e+002
 Lower limit of real variable 232 = 0.000000e+000
 Upper limit of real variable 232 = 1.000000e+002
 Lower limit of real variable 233 = 0.000000e+000
 Upper limit of real variable 233 = 1.000000e+002
 Lower limit of real variable 234 = 0.000000e+000
 Upper limit of real variable 234 = 1.000000e+002
 Lower limit of real variable 235 = 0.000000e+000
 Upper limit of real variable 235 = 1.000000e+002
 Lower limit of real variable 236 = 0.000000e+000
 Upper limit of real variable 236 = 1.000000e+002
 Lower limit of real variable 237 = 0.000000e+000
 Upper limit of real variable 237 = 1.000000e+002
 Lower limit of real variable 238 = 0.000000e+000
 Upper limit of real variable 238 = 1.000000e+002
 Lower limit of real variable 239 = 0.000000e+000
 Upper limit of real variable 239 = 1.000000e+002
 Lower limit of real variable 240 = 0.000000e+000
 Upper limit of real variable 240 = 1.000000e+002
 Lower limit of real variable 241 = 0.000000e+000
 Upper limit of real variable 241 = 1.000000e+002
 Lower limit of real variable 242 = 0.000000e+000
 Upper limit of real variable 242 = 1.000000e+002
 Lower limit of real variable 243 = 0.000000e+000
 Upper limit of real variable 243 = 1.000000e+002
 Lower limit of real variable 244 = 0.000000e+000
 Upper limit of real variable 244 = 1.000000e+002
 Lower limit of real variable 245 = 0.000000e+000
 Upper limit of real variable 245 = 1.000000e+002
 Lower limit of real variable 246 = 0.000000e+000
 Upper limit of real variable 246 = 1.000000e+002
 Lower limit of real variable 247 = 0.000000e+000
 Upper limit of real variable 247 = 1.000000e+002
 Lower limit of real variable 248 = 0.000000e+000
 Upper limit of real variable 248 = 1.000000e+002
 Lower limit of real variable 249 = 0.000000e+000
 Upper limit of real variable 249 = 1.000000e+002
 Lower limit of real variable 250 = 0.000000e+000
 Upper limit of real variable 250 = 1.000000e+002
 Probability of crossover of real variable = 6.000000e-001
 Probability of mutation of real variable = 2.000000e-001
 Distribution index for crossover = 1.000000e+001
 Distribution index for mutation = 2.000000e+001
 Number of binary variables = 0
 Seed for random number generator = 1.384981e+009
 Number of crossover of real variable = 0
 Number of mutation of real variable = 0