 ENTRY TO PSQP :
 NIT=   0  NFV=   1  NFG=   1  F= 19564.8      C=0.0E+00  G=0.1E+61
 NIT=   1  NFV=   2  NFG=   2  F= 11925.8      C=0.0E+00  G=0.2E+02
 NIT=   2  NFV=   3  NFG=   3  F=-5418.19      C=0.1E-11  G=0.2E+02
 NIT=   3  NFV=   4  NFG=   4  F=-6183.33      C=0.1E-06  G=0.2E+01
 NIT=   4  NFV=   5  NFG=   5  F=-16491.7      C=0.1E-04  G=0.2E+01
 NIT=   5  NFV=   6  NFG=   6  F=-35369.6      C=0.3E-02  G=0.1E+02
 NIT=   6  NFV=   7  NFG=   7  F=-805764.      C=0.5E-02  G=0.3E+02
 NIT=   7  NFV=   8  NFG=   8  F=-.370515E+08  C=0.7E+02  G=0.7E+03
 NIT=   8  NFV=  30  NFG=   9  F=-.285678E+11  C=0.2E+03  G=0.3E+05
 NIT=   9  NFV=  31  NFG=  10  F=-.370278E+12  C=0.2E+03  G=0.3E+05
 NIT=  10  NFV=  32  NFG=  11  F=-.823397E+12  C=0.1E+05  G=0.9E+05
 NIT=  11  NFV=  33  NFG=  12  F=-.317493E+14  C=0.1E+06  G=0.2E+06
 NIT=  12  NFV=  34  NFG=  13  F=-.123304E+18  C=0.8E+08  G=0.3E+07
 NIT=  13  NFV=  56  NFG=  14  F=-.248969E+18  C=0.2E+08  G=0.2E+09
 NIT=  14  NFV=  57  NFG=  15  F=-.494216E+18  C=0.6E+09  G=0.4E+09
 NIT=  15  NFV=  58  NFG=  16  F=-.714417E+18  C=0.6E+09  G=0.4E+09
 NIT=  16  NFV=  59  NFG=  17  F=-.117769E+19  C=0.8E+09  G=0.9E+09
 NIT=  17  NFV=  60  NFG=  18  F=-.166720E+19  C=0.4E+09  G=0.1E+10
 NIT=  18  NFV=  66  NFG=  19  F=-.167103E+19  C=0.6E+09  G=0.2E+10
 NIT=  19  NFV=  69  NFG=  20  F=-.166397E+19  C=0.7E+09  G=0.2E+10
 NIT=  20  NFV=  91  NFG=  21  F=-.351245E+19  C=0.1E+11  G=0.2E+10
 NIT=  21  NFV=  92  NFG=  22  F=-.481857E+19  C=0.2E+11  G=0.3E+10
 NIT=  22  NFV=  93  NFG=  23  F=-.590292E+19  C=0.2E+11  G=0.2E+10
 NIT=  23  NFV=  94  NFG=  24  F=-.887932E+19  C=0.2E+11  G=0.2E+10
 NIT=  24  NFV=  95  NFG=  25  F=-.168101E+20  C=0.4E+10  G=0.8E+10
 NIT=  25  NFV=  97  NFG=  26  F=-.168954E+20  C=0.5E+10  G=0.9E+10
 NIT=  26  NFV=  99  NFG=  27  F=-.171180E+20  C=0.4E+10  G=0.1E+11
 NIT=  27  NFV= 100  NFG=  28  F=-.199940E+20  C=0.1E+11  G=0.1E+11
 NIT=  28  NFV= 101  NFG=  29  F=-.275852E+20  C=0.3E+11  G=0.2E+11
 NIT=  29  NFV= 102  NFG=  30  F=-.259105E+20  C=0.8E+11  G=0.2E+11
 NIT=  30  NFV= 103  NFG=  31  F=-.555821E+20  C=0.9E+11  G=0.2E+11
 NIT=  31  NFV= 104  NFG=  32  F=-.949667E+20  C=0.9E+11  G=0.5E+11
 NIT=  32  NFV= 105  NFG=  33  F=-.146121E+21  C=0.9E+11  G=0.7E+11
 NIT=  33  NFV= 106  NFG=  34  F=-.349300E+21  C=0.1E+12  G=0.7E+11
 NIT=  34  NFV= 107  NFG=  35  F=-.396120E+22  C=0.2E+12  G=0.1E+12
 NIT=  35  NFV= 108  NFG=  36  F=-.396198E+22  C=0.2E+12  G=0.2E+09
 NIT=  36  NFV= 109  NFG=  37  F=-.396779E+22  C=0.2E+12  G=0.2E+10
 EXIT FROM PSQP :
 NIT=  37  NFV= 109  NFG=  37  F=-.396779E+22  C=0.2E+12  G=0.0E+00  ITERM=-11
