 ------------------------
 ---- Initial values ----
 ------------------------
 fob =    19564.842924338576     

 x(           1 )=   50.000000000000000     
 x(           2 )=   50.000000000000000     
 x(           3 )=   50.000000000000000     
 x(           4 )=   50.000000000000000     
 x(           5 )=   50.000000000000000     
 x(           6 )=   50.000000000000000     
 x(           7 )=   50.000000000000000     
 x(           8 )=   50.000000000000000     
 x(           9 )=   50.000000000000000     
 x(          10 )=   50.000000000000000     
 x(          11 )=   50.000000000000000     
 x(          12 )=   50.000000000000000     
 x(          13 )=   50.000000000000000     
 x(          14 )=   50.000000000000000     
 x(          15 )=   50.000000000000000     
 x(          16 )=   50.000000000000000     
 x(          17 )=   50.000000000000000     
 x(          18 )=   50.000000000000000     
 x(          19 )=   50.000000000000000     
 x(          20 )=   50.000000000000000     
 x(          21 )=   50.000000000000000     
 x(          22 )=   50.000000000000000     
 x(          23 )=   50.000000000000000     
 x(          24 )=   50.000000000000000     
 x(          25 )=   50.000000000000000     
 x(          26 )=   50.000000000000000     
 x(          27 )=   50.000000000000000     
 x(          28 )=   50.000000000000000     
 x(          29 )=   50.000000000000000     
 x(          30 )=   50.000000000000000     
 x(          31 )=   50.000000000000000     
 x(          32 )=   50.000000000000000     
 x(          33 )=   50.000000000000000     
 x(          34 )=   50.000000000000000     
 x(          35 )=   50.000000000000000     
 x(          36 )=   50.000000000000000     
 x(          37 )=   50.000000000000000     
 x(          38 )=   50.000000000000000     
 x(          39 )=   50.000000000000000     
 x(          40 )=   50.000000000000000     
 x(          41 )=   50.000000000000000     
 x(          42 )=   50.000000000000000     
 x(          43 )=   50.000000000000000     
 x(          44 )=   50.000000000000000     
 x(          45 )=   50.000000000000000     
 x(          46 )=   50.000000000000000     
 x(          47 )=   50.000000000000000     
 x(          48 )=   50.000000000000000     
 x(          49 )=   50.000000000000000     
 x(          50 )=   50.000000000000000     
 x(          51 )=   50.000000000000000     
 x(          52 )=   50.000000000000000     
 x(          53 )=   50.000000000000000     
 x(          54 )=   50.000000000000000     
 x(          55 )=   50.000000000000000     
 x(          56 )=   50.000000000000000     
 x(          57 )=   50.000000000000000     
 x(          58 )=   50.000000000000000     
 x(          59 )=   50.000000000000000     
 x(          60 )=   50.000000000000000     
 x(          61 )=   50.000000000000000     
 x(          62 )=   50.000000000000000     
 x(          63 )=   50.000000000000000     
 x(          64 )=   50.000000000000000     
 x(          65 )=   50.000000000000000     
 x(          66 )=   50.000000000000000     
 x(          67 )=   50.000000000000000     
 x(          68 )=   50.000000000000000     
 x(          69 )=   50.000000000000000     
 x(          70 )=   50.000000000000000     
 x(          71 )=   50.000000000000000     
 x(          72 )=   50.000000000000000     
 x(          73 )=   50.000000000000000     
 x(          74 )=   50.000000000000000     
 x(          75 )=   50.000000000000000     
 x(          76 )=   50.000000000000000     
 x(          77 )=   50.000000000000000     
 x(          78 )=   50.000000000000000     
 x(          79 )=   50.000000000000000     
 x(          80 )=   50.000000000000000     
 x(          81 )=   50.000000000000000     
 x(          82 )=   50.000000000000000     
 x(          83 )=   50.000000000000000     
 x(          84 )=   50.000000000000000     
 x(          85 )=   50.000000000000000     
 x(          86 )=   50.000000000000000     
 x(          87 )=   50.000000000000000     
 x(          88 )=   50.000000000000000     
 x(          89 )=   50.000000000000000     
 x(          90 )=   50.000000000000000     
 x(          91 )=   50.000000000000000     
 x(          92 )=   50.000000000000000     
 x(          93 )=   50.000000000000000     
 x(          94 )=   50.000000000000000     
 x(          95 )=   50.000000000000000     
 x(          96 )=   50.000000000000000     
 x(          97 )=   50.000000000000000     
 x(          98 )=   50.000000000000000     
 x(          99 )=   50.000000000000000     
 x(         100 )=   50.000000000000000     
 x(         101 )=   50.000000000000000     
 x(         102 )=   50.000000000000000     
 x(         103 )=   50.000000000000000     
 x(         104 )=   50.000000000000000     
 x(         105 )=   50.000000000000000     
 x(         106 )=   50.000000000000000     
 x(         107 )=   50.000000000000000     
 x(         108 )=   50.000000000000000     
 x(         109 )=   50.000000000000000     
 x(         110 )=   50.000000000000000     
 x(         111 )=   50.000000000000000     
 x(         112 )=   50.000000000000000     
 x(         113 )=   50.000000000000000     
 x(         114 )=   50.000000000000000     
 x(         115 )=   50.000000000000000     
 x(         116 )=   50.000000000000000     
 x(         117 )=   50.000000000000000     
 x(         118 )=   50.000000000000000     
 x(         119 )=   50.000000000000000     
 x(         120 )=   50.000000000000000     
 x(         121 )=   50.000000000000000     
 x(         122 )=   50.000000000000000     
 x(         123 )=   50.000000000000000     
 x(         124 )=   50.000000000000000     
 x(         125 )=   50.000000000000000     
 x(         126 )=   50.000000000000000     
 x(         127 )=   50.000000000000000     
 x(         128 )=   50.000000000000000     
 x(         129 )=   50.000000000000000     
 x(         130 )=   50.000000000000000     
 x(         131 )=   50.000000000000000     
 x(         132 )=   50.000000000000000     
 x(         133 )=   50.000000000000000     
 x(         134 )=   50.000000000000000     
 x(         135 )=   50.000000000000000     
 x(         136 )=   50.000000000000000     
 x(         137 )=   50.000000000000000     
 x(         138 )=   50.000000000000000     
 x(         139 )=   50.000000000000000     
 x(         140 )=   50.000000000000000     
 x(         141 )=   50.000000000000000     
 x(         142 )=   50.000000000000000     
 x(         143 )=   50.000000000000000     
 x(         144 )=   50.000000000000000     
 x(         145 )=   50.000000000000000     
 x(         146 )=   50.000000000000000     
 x(         147 )=   50.000000000000000     
 x(         148 )=   50.000000000000000     
 x(         149 )=   50.000000000000000     
 x(         150 )=   50.000000000000000     
 x(         151 )=   50.000000000000000     
 x(         152 )=   50.000000000000000     
 x(         153 )=   50.000000000000000     
 x(         154 )=   50.000000000000000     
 x(         155 )=   50.000000000000000     
 x(         156 )=   50.000000000000000     
 x(         157 )=   50.000000000000000     
 x(         158 )=   50.000000000000000     
 x(         159 )=   50.000000000000000     
 x(         160 )=   50.000000000000000     
 x(         161 )=   50.000000000000000     
 x(         162 )=   50.000000000000000     
 x(         163 )=   50.000000000000000     
 x(         164 )=   50.000000000000000     
 x(         165 )=   50.000000000000000     
 x(         166 )=   50.000000000000000     
 x(         167 )=   50.000000000000000     
 x(         168 )=   50.000000000000000     
 x(         169 )=   50.000000000000000     
 x(         170 )=   50.000000000000000     
 x(         171 )=   50.000000000000000     
 x(         172 )=   50.000000000000000     
 x(         173 )=   50.000000000000000     
 x(         174 )=   50.000000000000000     
 x(         175 )=   50.000000000000000     
 x(         176 )=   50.000000000000000     
 x(         177 )=   50.000000000000000     
 x(         178 )=   50.000000000000000     
 x(         179 )=   50.000000000000000     
 x(         180 )=   50.000000000000000     
 x(         181 )=   50.000000000000000     
 x(         182 )=   50.000000000000000     
 x(         183 )=   50.000000000000000     
 x(         184 )=   50.000000000000000     
 x(         185 )=   50.000000000000000     
 x(         186 )=   50.000000000000000     
 x(         187 )=   50.000000000000000     
 x(         188 )=   50.000000000000000     
 x(         189 )=   50.000000000000000     
 x(         190 )=   50.000000000000000     
 x(         191 )=   50.000000000000000     
 x(         192 )=   50.000000000000000     
 x(         193 )=   50.000000000000000     
 x(         194 )=   50.000000000000000     
 x(         195 )=   50.000000000000000     
 x(         196 )=   50.000000000000000     
 x(         197 )=   50.000000000000000     
 x(         198 )=   50.000000000000000     
 x(         199 )=   50.000000000000000     
 x(         200 )=   50.000000000000000     
 x(         201 )=   50.000000000000000     
 x(         202 )=   50.000000000000000     
 x(         203 )=   50.000000000000000     
 x(         204 )=   50.000000000000000     
 x(         205 )=   50.000000000000000     
 x(         206 )=   50.000000000000000     
 x(         207 )=   50.000000000000000     
 x(         208 )=   50.000000000000000     
 x(         209 )=   50.000000000000000     
 x(         210 )=   50.000000000000000     
 x(         211 )=   50.000000000000000     
 x(         212 )=   50.000000000000000     
 x(         213 )=   50.000000000000000     
 x(         214 )=   50.000000000000000     
 x(         215 )=   50.000000000000000     
 x(         216 )=   50.000000000000000     
 x(         217 )=   50.000000000000000     
 x(         218 )=   50.000000000000000     
 x(         219 )=   50.000000000000000     
 x(         220 )=   50.000000000000000     
 x(         221 )=   50.000000000000000     
 x(         222 )=   50.000000000000000     
 x(         223 )=   50.000000000000000     
 x(         224 )=   50.000000000000000     
 x(         225 )=   50.000000000000000     
 x(         226 )=   50.000000000000000     
 x(         227 )=   50.000000000000000     
 x(         228 )=   50.000000000000000     
 x(         229 )=   50.000000000000000     
 x(         230 )=   50.000000000000000     
 x(         231 )=   50.000000000000000     
 x(         232 )=   50.000000000000000     
 x(         233 )=   50.000000000000000     
 x(         234 )=   50.000000000000000     
 x(         235 )=   50.000000000000000     
 x(         236 )=   50.000000000000000     
 x(         237 )=   50.000000000000000     
 x(         238 )=   50.000000000000000     
 x(         239 )=   50.000000000000000     
 x(         240 )=   50.000000000000000     
 x(         241 )=   50.000000000000000     
 x(         242 )=   50.000000000000000     
 x(         243 )=   50.000000000000000     
 x(         244 )=   50.000000000000000     
 x(         245 )=   50.000000000000000     
 x(         246 )=   50.000000000000000     
 x(         247 )=   50.000000000000000     
 x(         248 )=   50.000000000000000     
 x(         249 )=   50.000000000000000     
 x(         250 )=   50.000000000000000     

 con(           1 )=   0.0000000000000000       eps(           1 )=   1.0000000000000000E-003
 ------------------------

 Start the optimizer:
 Done

 ------------------------
 ----   Final values ----
 ------------------------

 fob  =    56.255051134166933     

 x(           1 )=   0.0000000000000000     
 x(           2 )=   0.0000000000000000     
 x(           3 )=   0.0000000000000000     
 x(           4 )=   0.0000000000000000     
 x(           5 )=   0.0000000000000000     
 x(           6 )=   0.0000000000000000     
 x(           7 )=   100.00000000000000     
 x(           8 )=   0.0000000000000000     
 x(           9 )=   0.0000000000000000     
 x(          10 )=   0.0000000000000000     
 x(          11 )=   0.0000000000000000     
 x(          12 )=   100.00000000000000     
 x(          13 )=   0.0000000000000000     
 x(          14 )=   0.0000000000000000     
 x(          15 )=   0.0000000000000000     
 x(          16 )=   0.0000000000000000     
 x(          17 )=   0.0000000000000000     
 x(          18 )=   100.00000000000000     
 x(          19 )=   0.0000000000000000     
 x(          20 )=   0.0000000000000000     
 x(          21 )=   100.00000000000000     
 x(          22 )=   0.0000000000000000     
 x(          23 )=   0.0000000000000000     
 x(          24 )=   0.0000000000000000     
 x(          25 )=   0.0000000000000000     
 x(          26 )=   0.0000000000000000     
 x(          27 )=   0.0000000000000000     
 x(          28 )=   100.00000000000000     
 x(          29 )=   100.00000000000000     
 x(          30 )=   100.00000000000000     
 x(          31 )=   0.0000000000000000     
 x(          32 )=   0.0000000000000000     
 x(          33 )=   0.0000000000000000     
 x(          34 )=   0.0000000000000000     
 x(          35 )=   0.0000000000000000     
 x(          36 )=   0.0000000000000000     
 x(          37 )=   0.0000000000000000     
 x(          38 )=   100.00000000000000     
 x(          39 )=   0.0000000000000000     
 x(          40 )=   0.0000000000000000     
 x(          41 )=   100.00000000000000     
 x(          42 )=   0.0000000000000000     
 x(          43 )=   0.0000000000000000     
 x(          44 )=   0.0000000000000000     
 x(          45 )=   0.0000000000000000     
 x(          46 )=   0.0000000000000000     
 x(          47 )=   0.0000000000000000     
 x(          48 )=   0.0000000000000000     
 x(          49 )=   0.0000000000000000     
 x(          50 )=   100.00000000000000     
 x(          51 )=   0.0000000000000000     
 x(          52 )=   0.0000000000000000     
 x(          53 )=   100.00000000000000     
 x(          54 )=   100.00000000000000     
 x(          55 )=   100.00000000000000     
 x(          56 )=   0.0000000000000000     
 x(          57 )=   0.0000000000000000     
 x(          58 )=   0.0000000000000000     
 x(          59 )=   0.0000000000000000     
 x(          60 )=   100.00000000000000     
 x(          61 )=   100.00000000000000     
 x(          62 )=   100.00000000000000     
 x(          63 )=   100.00000000000000     
 x(          64 )=   0.0000000000000000     
 x(          65 )=   0.0000000000000000     
 x(          66 )=   0.0000000000000000     
 x(          67 )=   0.0000000000000000     
 x(          68 )=   100.00000000000000     
 x(          69 )=   0.0000000000000000     
 x(          70 )=   100.00000000000000     
 x(          71 )=   100.00000000000000     
 x(          72 )=   100.00000000000000     
 x(          73 )=   100.00000000000000     
 x(          74 )=   0.0000000000000000     
 x(          75 )=   0.0000000000000000     
 x(          76 )=   0.0000000000000000     
 x(          77 )=   100.00000000000000     
 x(          78 )=   100.00000000000000     
 x(          79 )=   100.00000000000000     
 x(          80 )=   0.0000000000000000     
 x(          81 )=   0.0000000000000000     
 x(          82 )=   0.0000000000000000     
 x(          83 )=   100.00000000000000     
 x(          84 )=   100.00000000000000     
 x(          85 )=   0.0000000000000000     
 x(          86 )=   0.0000000000000000     
 x(          87 )=   0.0000000000000000     
 x(          88 )=   0.0000000000000000     
 x(          89 )=   100.00000000000000     
 x(          90 )=   100.00000000000000     
 x(          91 )=   0.0000000000000000     
 x(          92 )=   100.00000000000000     
 x(          93 )=   100.00000000000000     
 x(          94 )=   100.00000000000000     
 x(          95 )=   100.00000000000000     
 x(          96 )=   100.00000000000000     
 x(          97 )=   100.00000000000000     
 x(          98 )=   100.00000000000000     
 x(          99 )=   0.0000000000000000     
 x(         100 )=   100.00000000000000     
 x(         101 )=   0.0000000000000000     
 x(         102 )=   100.00000000000000     
 x(         103 )=   100.00000000000000     
 x(         104 )=   100.00000000000000     
 x(         105 )=   100.00000000000000     
 x(         106 )=   100.00000000000000     
 x(         107 )=   100.00000000000000     
 x(         108 )=   0.0000000000000000     
 x(         109 )=   0.0000000000000000     
 x(         110 )=   100.00000000000000     
 x(         111 )=   100.00000000000000     
 x(         112 )=   100.00000000000000     
 x(         113 )=   100.00000000000000     
 x(         114 )=   100.00000000000000     
 x(         115 )=   0.0000000000000000     
 x(         116 )=   0.0000000000000000     
 x(         117 )=   0.0000000000000000     
 x(         118 )=   100.00000000000000     
 x(         119 )=   100.00000000000000     
 x(         120 )=   100.00000000000000     
 x(         121 )=   0.0000000000000000     
 x(         122 )=   100.00000000000000     
 x(         123 )=   0.0000000000000000     
 x(         124 )=   0.0000000000000000     
 x(         125 )=   100.00000000000000     
 x(         126 )=   0.0000000000000000     
 x(         127 )=   0.0000000000000000     
 x(         128 )=   0.0000000000000000     
 x(         129 )=   0.0000000000000000     
 x(         130 )=   0.0000000000000000     
 x(         131 )=   0.0000000000000000     
 x(         132 )=   100.00000000000000     
 x(         133 )=   0.0000000000000000     
 x(         134 )=   0.0000000000000000     
 x(         135 )=   0.0000000000000000     
 x(         136 )=   0.0000000000000000     
 x(         137 )=   0.0000000000000000     
 x(         138 )=   0.0000000000000000     
 x(         139 )=   0.0000000000000000     
 x(         140 )=   0.0000000000000000     
 x(         141 )=   0.0000000000000000     
 x(         142 )=   100.00000000000000     
 x(         143 )=   0.0000000000000000     
 x(         144 )=   0.0000000000000000     
 x(         145 )=   0.0000000000000000     
 x(         146 )=   0.0000000000000000     
 x(         147 )=   0.0000000000000000     
 x(         148 )=   0.0000000000000000     
 x(         149 )=   50.000000000000000     
 x(         150 )=   50.000000000000000     
 x(         151 )=   50.000000000000000     
 x(         152 )=   50.000000000000000     
 x(         153 )=   50.000000000000000     
 x(         154 )=   50.000000000000000     
 x(         155 )=   50.000000000000000     
 x(         156 )=   50.000000000000000     
 x(         157 )=   50.000000000000000     
 x(         158 )=   50.000000000000000     
 x(         159 )=   50.000000000000000     
 x(         160 )=   50.000000000000000     
 x(         161 )=   50.000000000000000     
 x(         162 )=   50.000000000000000     
 x(         163 )=   50.000000000000000     
 x(         164 )=   50.000000000000000     
 x(         165 )=   50.000000000000000     
 x(         166 )=   50.000000000000000     
 x(         167 )=   50.000000000000000     
 x(         168 )=   50.000000000000000     
 x(         169 )=   50.000000000000000     
 x(         170 )=   50.000000000000000     
 x(         171 )=   50.000000000000000     
 x(         172 )=   50.000000000000000     
 x(         173 )=   50.000000000000000     
 x(         174 )=   50.000000000000000     
 x(         175 )=   50.000000000000000     
